19:10:42.084 |I| Core                           | RequestBuilder thread:7        | MsBuild process with Id = 21732
19:10:42.085 |I| Core                           | RequestBuilder thread:7        | MsBuild location = C:\Program Files (x86)\Microsoft Visual Studio\2019\Community\MSBuild\Current\Bin\MSBuild.exe
19:10:42.085 |I| Core                           | RequestBuilder thread:7        | ServerGC = False
19:10:42.085 |I| Core                           | RequestBuilder thread:7        | 
19:10:42.085 |I| Core                           | RequestBuilder thread:7        | Start ControllerTask...
19:10:42.086 |I| Core                           | RequestBuilder thread:7        | Detected version: 16.11
19:10:42.087 |I| Core                           | RequestBuilder thread:7        | Creating SocketWire with port = 64612
19:10:42.099 |I| Core                           | RequestBuilder thread:7        | Create protocol...
19:10:42.125 |I| Core                           | RequestBuilder thread:7        | Create MsBuildModel and advise for new sessions...
19:10:42.141 |I| Core                           | RequestBuilder thread:7        | Subscribe for changes...
19:10:42.141 |I| Core                           | RequestBuilder thread:7        | Setup process watchdog...
19:10:42.142 |I| Core                           | RequestBuilder thread:7        | Run dispatcher...
19:10:42.143 |I| ProcessWatchdog                | WatchParentPid:35192:11        | Monitoring parent process PID:35192
19:10:42.181 |I| Core                           | RequestBuilder thread:7        | Get protocol session 'RdProjectModelSession'
19:10:42.186 |I| Core                           | RequestBuilder thread:7        | Msbuild session 'ProjectModelSessionHost' created
19:10:42.240 |I| ProjectModel                   | RequestBuilder thread:7        | Reloading 7 project(s) in 1 node(s)...
19:10:42.241 |I| ProjectModel                   | RequestBuilder thread:7        | Reason: WarmStartup
19:10:42.244 |I| Build                          | :3                             | Build started.
19:10:42.248 |I| BuildQueue                     | RequestBuilder thread:7        | Build queue: False
19:10:42.268 |I| ProjectModel                   | :13                            | Project 'JetBrains.Frontend.2022.2.csproj' has missing imports, load project without them
19:10:42.268 |I| ProjectModel                   | :15                            | Project 'Assembly-CSharp-Editor.csproj' has missing imports, load project without them
19:10:42.269 |I| ProjectModel                   | RequestBuilder thread:7        | Project 'Assembly-CSharp.csproj' has missing imports, load project without them
19:10:42.269 |I| ProjectModel                   | :14                            | Project 'Assembly-CSharp-Editor-firstpass.csproj' has missing imports, load project without them
19:10:42.323 |I| ProjectModel                   | :15                            | Project 'JetBrains.Frontend.2021.2.csproj' has missing imports, load project without them
19:10:42.323 |I| ProjectModel                   | :13                            | Project 'JetBrains.Frontend.2020.2.csproj' has missing imports, load project without them
19:10:42.324 |I| ProjectModel                   | :14                            | Project 'JetBrains.Frontend.2019.4.csproj' has missing imports, load project without them
19:10:42.356 |I| ProjectModel                   | RequestBuilder thread:7        | Project 'Assembly-CSharp-Editor-firstpass.csproj' has load-time sensitive targets: XamlMarkupCompilePass1
19:10:42.359 |I| BuildQueue                     | RequestBuilder thread:7        | Build immediately: Assembly-CSharp-Editor-firstpass.csproj
19:10:42.360 |I| Build                          | RequestBuilder thread:7        | Start build 'Assembly-CSharp-Editor-firstpass.csproj' with 1 target frameworks
19:10:42.362 |I| Build                          | RequestBuilder thread:7        | Targets for build: _CheckForInvalidConfigurationAndPlatform;CollectCentralPackageVersions;ResolveReferences;ResolveProjectReferences;ResolveAssemblyReferences;ResolveComReferences;ResolveNativeReferences;ResolveSdkReferences;ResolveFrameworkReferences;DesignTimeMarkupCompilation;Compile;XamlMarkupCompilePass1
19:10:42.363 |I| ProjectModel                   | RequestBuilder thread:7        | Project 'Assembly-CSharp-Editor.csproj' has load-time sensitive targets: XamlMarkupCompilePass1
19:10:42.363 |I| BuildQueue                     | RequestBuilder thread:7        | Build immediately: Assembly-CSharp-Editor.csproj
19:10:42.363 |I| Build                          | RequestBuilder thread:7        | Start build 'Assembly-CSharp-Editor.csproj' with 1 target frameworks
19:10:42.365 |I| Build                          | RequestBuilder thread:7        | Targets for build: _CheckForInvalidConfigurationAndPlatform;CollectCentralPackageVersions;ResolveReferences;ResolveProjectReferences;ResolveAssemblyReferences;ResolveComReferences;ResolveNativeReferences;ResolveSdkReferences;ResolveFrameworkReferences;DesignTimeMarkupCompilation;Compile;XamlMarkupCompilePass1
19:10:42.365 |I| ProjectModel                   | RequestBuilder thread:7        | Project 'JetBrains.Frontend.2022.2.csproj' has load-time sensitive targets: XamlMarkupCompilePass1
19:10:42.365 |I| BuildQueue                     | RequestBuilder thread:7        | Build immediately: JetBrains.Frontend.2022.2.csproj
19:10:42.365 |I| Build                          | RequestBuilder thread:7        | Start build 'JetBrains.Frontend.2022.2.csproj' with 1 target frameworks
19:10:42.366 |I| Build                          | RequestBuilder thread:7        | Targets for build: _CheckForInvalidConfigurationAndPlatform;CollectCentralPackageVersions;ResolveReferences;ResolveProjectReferences;ResolveAssemblyReferences;ResolveComReferences;ResolveNativeReferences;ResolveSdkReferences;ResolveFrameworkReferences;DesignTimeMarkupCompilation;Compile;XamlMarkupCompilePass1
19:10:42.366 |I| ProjectModel                   | RequestBuilder thread:7        | Project 'Assembly-CSharp.csproj' has load-time sensitive targets: XamlMarkupCompilePass1
19:10:42.366 |I| BuildQueue                     | RequestBuilder thread:7        | Build immediately: Assembly-CSharp.csproj
19:10:42.366 |I| Build                          | RequestBuilder thread:7        | Start build 'Assembly-CSharp.csproj' with 1 target frameworks
19:10:42.367 |I| Build                          | RequestBuilder thread:7        | Targets for build: _CheckForInvalidConfigurationAndPlatform;CollectCentralPackageVersions;ResolveReferences;ResolveProjectReferences;ResolveAssemblyReferences;ResolveComReferences;ResolveNativeReferences;ResolveSdkReferences;ResolveFrameworkReferences;DesignTimeMarkupCompilation;Compile;XamlMarkupCompilePass1
19:10:42.367 |I| ProjectModel                   | RequestBuilder thread:7        | Project 'JetBrains.Frontend.2021.2.csproj' has load-time sensitive targets: XamlMarkupCompilePass1
19:10:42.367 |I| BuildQueue                     | RequestBuilder thread:7        | Build immediately: JetBrains.Frontend.2021.2.csproj
19:10:42.367 |I| Build                          | RequestBuilder thread:7        | Start build 'JetBrains.Frontend.2021.2.csproj' with 1 target frameworks
19:10:42.367 |I| Build                          | RequestBuilder thread:7        | Targets for build: _CheckForInvalidConfigurationAndPlatform;CollectCentralPackageVersions;ResolveReferences;ResolveProjectReferences;ResolveAssemblyReferences;ResolveComReferences;ResolveNativeReferences;ResolveSdkReferences;ResolveFrameworkReferences;DesignTimeMarkupCompilation;Compile;XamlMarkupCompilePass1
19:10:42.367 |I| ProjectModel                   | RequestBuilder thread:7        | Project 'JetBrains.Frontend.2020.2.csproj' has load-time sensitive targets: XamlMarkupCompilePass1
19:10:42.367 |I| BuildQueue                     | RequestBuilder thread:7        | Build immediately: JetBrains.Frontend.2020.2.csproj
19:10:42.367 |I| Build                          | RequestBuilder thread:7        | Start build 'JetBrains.Frontend.2020.2.csproj' with 1 target frameworks
19:10:42.368 |I| Build                          | RequestBuilder thread:7        | Targets for build: _CheckForInvalidConfigurationAndPlatform;CollectCentralPackageVersions;ResolveReferences;ResolveProjectReferences;ResolveAssemblyReferences;ResolveComReferences;ResolveNativeReferences;ResolveSdkReferences;ResolveFrameworkReferences;DesignTimeMarkupCompilation;Compile;XamlMarkupCompilePass1
19:10:42.368 |I| ProjectModel                   | RequestBuilder thread:7        | Project 'JetBrains.Frontend.2019.4.csproj' has load-time sensitive targets: XamlMarkupCompilePass1
19:10:42.368 |I| BuildQueue                     | RequestBuilder thread:7        | Build immediately: JetBrains.Frontend.2019.4.csproj
19:10:42.368 |I| Build                          | RequestBuilder thread:7        | Start build 'JetBrains.Frontend.2019.4.csproj' with 1 target frameworks
19:10:42.368 |I| Build                          | RequestBuilder thread:7        | Targets for build: _CheckForInvalidConfigurationAndPlatform;CollectCentralPackageVersions;ResolveReferences;ResolveProjectReferences;ResolveAssemblyReferences;ResolveComReferences;ResolveNativeReferences;ResolveSdkReferences;ResolveFrameworkReferences;DesignTimeMarkupCompilation;Compile;XamlMarkupCompilePass1
19:10:42.414 |E| Build                          | :13                            | Microsoft.Build.Exceptions.InvalidProjectFileException: The target "CoreCompile" does not exist in the project.  C:\Program Files (x86)\Microsoft Visual Studio\2019\Community\MSBuild\Current\Bin\Microsoft.Common.CurrentVersion.targets
   at Microsoft.Build.Shared.ProjectErrorUtilities.ThrowInvalidProject(String errorSubCategoryResourceName, IElementLocation elementLocation, String resourceName, Object[] args)
   at Microsoft.Build.BackEnd.TargetBuilder.<ProcessTargetStack>d__23.MoveNext()
--- End of stack trace from previous location where exception was thrown ---
   at System.Runtime.CompilerServices.TaskAwaiter.ThrowForNonSuccess(Task task)
   at System.Runtime.CompilerServices.TaskAwaiter.HandleNonSuccessAndDebuggerNotification(Task task)
   at System.Runtime.CompilerServices.TaskAwaiter.ValidateEnd(Task task)
   at Microsoft.Build.BackEnd.TargetBuilder.<BuildTargets>d__10.MoveNext()
--- End of stack trace from previous location where exception was thrown ---
   at System.Runtime.CompilerServices.TaskAwaiter.ThrowForNonSuccess(Task task)
   at System.Runtime.CompilerServices.TaskAwaiter.HandleNonSuccessAndDebuggerNotification(Task task)
   at System.Runtime.CompilerServices.TaskAwaiter.ValidateEnd(Task task)
   at Microsoft.Build.BackEnd.RequestBuilder.<BuildProject>d__67.MoveNext()
--- End of stack trace from previous location where exception was thrown ---
   at System.Runtime.CompilerServices.TaskAwaiter.ThrowForNonSuccess(Task task)
   at System.Runtime.CompilerServices.TaskAwaiter.HandleNonSuccessAndDebuggerNotification(Task task)
   at Microsoft.Build.BackEnd.RequestBuilder.<BuildAndReport>d__58.MoveNext()
19:10:42.425 |E| Build                          | :24                            | Microsoft.Build.Exceptions.InvalidProjectFileException: The target "CoreCompile" does not exist in the project.  C:\Program Files (x86)\Microsoft Visual Studio\2019\Community\MSBuild\Current\Bin\Microsoft.Common.CurrentVersion.targets
   at Microsoft.Build.Shared.ProjectErrorUtilities.ThrowInvalidProject(String errorSubCategoryResourceName, IElementLocation elementLocation, String resourceName, Object[] args)
   at Microsoft.Build.BackEnd.TargetBuilder.<ProcessTargetStack>d__23.MoveNext()
--- End of stack trace from previous location where exception was thrown ---
   at System.Runtime.CompilerServices.TaskAwaiter.ThrowForNonSuccess(Task task)
   at System.Runtime.CompilerServices.TaskAwaiter.HandleNonSuccessAndDebuggerNotification(Task task)
   at System.Runtime.CompilerServices.TaskAwaiter.ValidateEnd(Task task)
   at Microsoft.Build.BackEnd.TargetBuilder.<BuildTargets>d__10.MoveNext()
--- End of stack trace from previous location where exception was thrown ---
   at System.Runtime.CompilerServices.TaskAwaiter.ThrowForNonSuccess(Task task)
   at System.Runtime.CompilerServices.TaskAwaiter.HandleNonSuccessAndDebuggerNotification(Task task)
   at System.Runtime.CompilerServices.TaskAwaiter.ValidateEnd(Task task)
   at Microsoft.Build.BackEnd.RequestBuilder.<BuildProject>d__67.MoveNext()
--- End of stack trace from previous location where exception was thrown ---
   at System.Runtime.CompilerServices.TaskAwaiter.ThrowForNonSuccess(Task task)
   at System.Runtime.CompilerServices.TaskAwaiter.HandleNonSuccessAndDebuggerNotification(Task task)
   at Microsoft.Build.BackEnd.RequestBuilder.<BuildAndReport>d__58.MoveNext()
19:10:42.425 |I| Build                          | :13                            | Finish build part [1/1] for project 'Assembly-CSharp-Editor-firstpass.csproj': Failure
	The target "CoreCompile" does not exist in the project.  C:\Program Files (x86)\Microsoft Visual Studio\2019\Community\MSBuild\Current\Bin\Microsoft.Common.CurrentVersion.targets
19:10:42.425 |I| Build                          | :13                            | Finish build project 'Assembly-CSharp-Editor-firstpass.csproj': Failure
19:10:42.425 |I| Build                          | :24                            | Finish build part [1/1] for project 'JetBrains.Frontend.2019.4.csproj': Failure
	The target "CoreCompile" does not exist in the project.  C:\Program Files (x86)\Microsoft Visual Studio\2019\Community\MSBuild\Current\Bin\Microsoft.Common.CurrentVersion.targets
19:10:42.425 |I| Build                          | :24                            | Finish build project 'JetBrains.Frontend.2019.4.csproj': Failure
19:10:42.429 |E| Build                          | :19                            | Microsoft.Build.Exceptions.InvalidProjectFileException: The target "CoreCompile" does not exist in the project.  C:\Program Files (x86)\Microsoft Visual Studio\2019\Community\MSBuild\Current\Bin\Microsoft.Common.CurrentVersion.targets
   at Microsoft.Build.Shared.ProjectErrorUtilities.ThrowInvalidProject(String errorSubCategoryResourceName, IElementLocation elementLocation, String resourceName, Object[] args)
   at Microsoft.Build.BackEnd.TargetBuilder.<ProcessTargetStack>d__23.MoveNext()
--- End of stack trace from previous location where exception was thrown ---
   at System.Runtime.CompilerServices.TaskAwaiter.ThrowForNonSuccess(Task task)
   at System.Runtime.CompilerServices.TaskAwaiter.HandleNonSuccessAndDebuggerNotification(Task task)
   at System.Runtime.CompilerServices.TaskAwaiter.ValidateEnd(Task task)
   at Microsoft.Build.BackEnd.TargetBuilder.<BuildTargets>d__10.MoveNext()
--- End of stack trace from previous location where exception was thrown ---
   at System.Runtime.CompilerServices.TaskAwaiter.ThrowForNonSuccess(Task task)
   at System.Runtime.CompilerServices.TaskAwaiter.HandleNonSuccessAndDebuggerNotification(Task task)
   at System.Runtime.CompilerServices.TaskAwaiter.ValidateEnd(Task task)
   at Microsoft.Build.BackEnd.RequestBuilder.<BuildProject>d__67.MoveNext()
--- End of stack trace from previous location where exception was thrown ---
   at System.Runtime.CompilerServices.TaskAwaiter.ThrowForNonSuccess(Task task)
   at System.Runtime.CompilerServices.TaskAwaiter.HandleNonSuccessAndDebuggerNotification(Task task)
   at Microsoft.Build.BackEnd.RequestBuilder.<BuildAndReport>d__58.MoveNext()
19:10:42.429 |I| Build                          | :19                            | Finish build part [1/1] for project 'JetBrains.Frontend.2020.2.csproj': Failure
	The target "CoreCompile" does not exist in the project.  C:\Program Files (x86)\Microsoft Visual Studio\2019\Community\MSBuild\Current\Bin\Microsoft.Common.CurrentVersion.targets
19:10:42.429 |I| Build                          | :19                            | Finish build project 'JetBrains.Frontend.2020.2.csproj': Failure
19:10:42.432 |E| Build                          | :14                            | Microsoft.Build.Exceptions.InvalidProjectFileException: The target "CoreCompile" does not exist in the project.  C:\Program Files (x86)\Microsoft Visual Studio\2019\Community\MSBuild\Current\Bin\Microsoft.Common.CurrentVersion.targets
   at Microsoft.Build.Shared.ProjectErrorUtilities.ThrowInvalidProject(String errorSubCategoryResourceName, IElementLocation elementLocation, String resourceName, Object[] args)
   at Microsoft.Build.BackEnd.TargetBuilder.<ProcessTargetStack>d__23.MoveNext()
--- End of stack trace from previous location where exception was thrown ---
   at System.Runtime.CompilerServices.TaskAwaiter.ThrowForNonSuccess(Task task)
   at System.Runtime.CompilerServices.TaskAwaiter.HandleNonSuccessAndDebuggerNotification(Task task)
   at System.Runtime.CompilerServices.TaskAwaiter.ValidateEnd(Task task)
   at Microsoft.Build.BackEnd.TargetBuilder.<BuildTargets>d__10.MoveNext()
--- End of stack trace from previous location where exception was thrown ---
   at System.Runtime.CompilerServices.TaskAwaiter.ThrowForNonSuccess(Task task)
   at System.Runtime.CompilerServices.TaskAwaiter.HandleNonSuccessAndDebuggerNotification(Task task)
   at System.Runtime.CompilerServices.TaskAwaiter.ValidateEnd(Task task)
   at Microsoft.Build.BackEnd.RequestBuilder.<BuildProject>d__67.MoveNext()
--- End of stack trace from previous location where exception was thrown ---
   at System.Runtime.CompilerServices.TaskAwaiter.ThrowForNonSuccess(Task task)
   at System.Runtime.CompilerServices.TaskAwaiter.HandleNonSuccessAndDebuggerNotification(Task task)
   at Microsoft.Build.BackEnd.RequestBuilder.<BuildAndReport>d__58.MoveNext()
19:10:42.432 |I| Build                          | :14                            | Finish build part [1/1] for project 'JetBrains.Frontend.2021.2.csproj': Failure
	The target "CoreCompile" does not exist in the project.  C:\Program Files (x86)\Microsoft Visual Studio\2019\Community\MSBuild\Current\Bin\Microsoft.Common.CurrentVersion.targets
19:10:42.432 |I| Build                          | :14                            | Finish build project 'JetBrains.Frontend.2021.2.csproj': Failure
19:10:42.579 |E| Build                          | :14                            | Microsoft.Build.Exceptions.InvalidProjectFileException: The target "CoreCompile" does not exist in the project.  C:\Program Files (x86)\Microsoft Visual Studio\2019\Community\MSBuild\Current\Bin\Microsoft.Common.CurrentVersion.targets
   at Microsoft.Build.Shared.ProjectErrorUtilities.ThrowInvalidProject(String errorSubCategoryResourceName, IElementLocation elementLocation, String resourceName, Object[] args)
   at Microsoft.Build.BackEnd.TargetBuilder.<ProcessTargetStack>d__23.MoveNext()
--- End of stack trace from previous location where exception was thrown ---
   at System.Runtime.CompilerServices.TaskAwaiter.ThrowForNonSuccess(Task task)
   at System.Runtime.CompilerServices.TaskAwaiter.HandleNonSuccessAndDebuggerNotification(Task task)
   at System.Runtime.CompilerServices.TaskAwaiter.ValidateEnd(Task task)
   at Microsoft.Build.BackEnd.TargetBuilder.<BuildTargets>d__10.MoveNext()
--- End of stack trace from previous location where exception was thrown ---
   at System.Runtime.CompilerServices.TaskAwaiter.ThrowForNonSuccess(Task task)
   at System.Runtime.CompilerServices.TaskAwaiter.HandleNonSuccessAndDebuggerNotification(Task task)
   at System.Runtime.CompilerServices.TaskAwaiter.ValidateEnd(Task task)
   at Microsoft.Build.BackEnd.RequestBuilder.<BuildProject>d__67.MoveNext()
--- End of stack trace from previous location where exception was thrown ---
   at System.Runtime.CompilerServices.TaskAwaiter.ThrowForNonSuccess(Task task)
   at System.Runtime.CompilerServices.TaskAwaiter.HandleNonSuccessAndDebuggerNotification(Task task)
   at Microsoft.Build.BackEnd.RequestBuilder.<BuildAndReport>d__58.MoveNext()
19:10:42.579 |I| Build                          | :14                            | Finish build part [1/1] for project 'Assembly-CSharp.csproj': Failure
	The target "CoreCompile" does not exist in the project.  C:\Program Files (x86)\Microsoft Visual Studio\2019\Community\MSBuild\Current\Bin\Microsoft.Common.CurrentVersion.targets
19:10:42.579 |I| Build                          | :14                            | Finish build project 'Assembly-CSharp.csproj': Failure
19:10:42.679 |E| Build                          | :4                             | Microsoft.Build.Exceptions.InvalidProjectFileException: The target "CoreCompile" does not exist in the project.  C:\Program Files (x86)\Microsoft Visual Studio\2019\Community\MSBuild\Current\Bin\Microsoft.Common.CurrentVersion.targets
   at Microsoft.Build.Shared.ProjectErrorUtilities.ThrowInvalidProject(String errorSubCategoryResourceName, IElementLocation elementLocation, String resourceName, Object[] args)
   at Microsoft.Build.BackEnd.TargetBuilder.<ProcessTargetStack>d__23.MoveNext()
--- End of stack trace from previous location where exception was thrown ---
   at System.Runtime.CompilerServices.TaskAwaiter.ThrowForNonSuccess(Task task)
   at System.Runtime.CompilerServices.TaskAwaiter.HandleNonSuccessAndDebuggerNotification(Task task)
   at System.Runtime.CompilerServices.TaskAwaiter.ValidateEnd(Task task)
   at Microsoft.Build.BackEnd.TargetBuilder.<BuildTargets>d__10.MoveNext()
--- End of stack trace from previous location where exception was thrown ---
   at System.Runtime.CompilerServices.TaskAwaiter.ThrowForNonSuccess(Task task)
   at System.Runtime.CompilerServices.TaskAwaiter.HandleNonSuccessAndDebuggerNotification(Task task)
   at System.Runtime.CompilerServices.TaskAwaiter.ValidateEnd(Task task)
   at Microsoft.Build.BackEnd.RequestBuilder.<BuildProject>d__67.MoveNext()
--- End of stack trace from previous location where exception was thrown ---
   at System.Runtime.CompilerServices.TaskAwaiter.ThrowForNonSuccess(Task task)
   at System.Runtime.CompilerServices.TaskAwaiter.HandleNonSuccessAndDebuggerNotification(Task task)
   at Microsoft.Build.BackEnd.RequestBuilder.<BuildAndReport>d__58.MoveNext()
19:10:42.680 |I| Build                          | :4                             | Finish build part [1/1] for project 'JetBrains.Frontend.2022.2.csproj': Failure
	The target "CoreCompile" does not exist in the project.  C:\Program Files (x86)\Microsoft Visual Studio\2019\Community\MSBuild\Current\Bin\Microsoft.Common.CurrentVersion.targets
19:10:42.680 |I| Build                          | :4                             | Finish build project 'JetBrains.Frontend.2022.2.csproj': Failure
19:10:42.770 |E| Build                          | :15                            | Microsoft.Build.Exceptions.InvalidProjectFileException: The target "CoreCompile" does not exist in the project.  C:\Program Files (x86)\Microsoft Visual Studio\2019\Community\MSBuild\Current\Bin\Microsoft.Common.CurrentVersion.targets
   at Microsoft.Build.Shared.ProjectErrorUtilities.ThrowInvalidProject(String errorSubCategoryResourceName, IElementLocation elementLocation, String resourceName, Object[] args)
   at Microsoft.Build.BackEnd.TargetBuilder.<ProcessTargetStack>d__23.MoveNext()
--- End of stack trace from previous location where exception was thrown ---
   at System.Runtime.CompilerServices.TaskAwaiter.ThrowForNonSuccess(Task task)
   at System.Runtime.CompilerServices.TaskAwaiter.HandleNonSuccessAndDebuggerNotification(Task task)
   at System.Runtime.CompilerServices.TaskAwaiter.ValidateEnd(Task task)
   at Microsoft.Build.BackEnd.TargetBuilder.<BuildTargets>d__10.MoveNext()
--- End of stack trace from previous location where exception was thrown ---
   at System.Runtime.CompilerServices.TaskAwaiter.ThrowForNonSuccess(Task task)
   at System.Runtime.CompilerServices.TaskAwaiter.HandleNonSuccessAndDebuggerNotification(Task task)
   at System.Runtime.CompilerServices.TaskAwaiter.ValidateEnd(Task task)
   at Microsoft.Build.BackEnd.RequestBuilder.<BuildProject>d__67.MoveNext()
--- End of stack trace from previous location where exception was thrown ---
   at System.Runtime.CompilerServices.TaskAwaiter.ThrowForNonSuccess(Task task)
   at System.Runtime.CompilerServices.TaskAwaiter.HandleNonSuccessAndDebuggerNotification(Task task)
   at Microsoft.Build.BackEnd.RequestBuilder.<BuildAndReport>d__58.MoveNext()
19:10:42.770 |I| Build                          | :15                            | Finish build part [1/1] for project 'Assembly-CSharp-Editor.csproj': Failure
	The target "CoreCompile" does not exist in the project.  C:\Program Files (x86)\Microsoft Visual Studio\2019\Community\MSBuild\Current\Bin\Microsoft.Common.CurrentVersion.targets
19:10:42.770 |I| Build                          | :15                            | Finish build project 'Assembly-CSharp-Editor.csproj': Failure
19:10:42.987 |I| Build                          | :14                            | Build FAILED.
19:10:42.987 |I| ProjectModel                   | RequestBuilder thread:7        | Reloading has finished, statistic: 
	Total: 0.74 sec
	Binding: 0.12 sec
	Evaluation: 0.27 sec
19:37:07.404 |I| ProjectModel                   | RequestBuilder thread:7        | Reloading 1 project(s) in 1 node(s)...
19:37:07.405 |I| ProjectModel                   | RequestBuilder thread:7        | Reason: Sync
19:37:07.405 |I| Build                          | :15                            | Build started.
19:37:07.405 |I| BuildQueue                     | RequestBuilder thread:7        | Build queue: False
19:37:07.408 |I| ProjectModel                   | RequestBuilder thread:7        | Project 'Assembly-CSharp.csproj' has missing imports, load project without them
19:37:07.420 |I| ProjectModel                   | RequestBuilder thread:7        | Project 'Assembly-CSharp.csproj' has load-time sensitive targets: XamlMarkupCompilePass1
19:37:07.420 |I| BuildQueue                     | RequestBuilder thread:7        | Build immediately: Assembly-CSharp.csproj
19:37:07.420 |I| Build                          | RequestBuilder thread:7        | Start build 'Assembly-CSharp.csproj' with 1 target frameworks
19:37:07.420 |I| Build                          | RequestBuilder thread:7        | Targets for build: _CheckForInvalidConfigurationAndPlatform;CollectCentralPackageVersions;ResolveReferences;ResolveProjectReferences;ResolveAssemblyReferences;ResolveComReferences;ResolveNativeReferences;ResolveSdkReferences;ResolveFrameworkReferences;DesignTimeMarkupCompilation;Compile;XamlMarkupCompilePass1
19:37:07.457 |E| Build                          | :3                             | Microsoft.Build.Exceptions.InvalidProjectFileException: The target "CoreCompile" does not exist in the project.  C:\Program Files (x86)\Microsoft Visual Studio\2019\Community\MSBuild\Current\Bin\Microsoft.Common.CurrentVersion.targets
   at Microsoft.Build.Shared.ProjectErrorUtilities.ThrowInvalidProject(String errorSubCategoryResourceName, IElementLocation elementLocation, String resourceName, Object[] args)
   at Microsoft.Build.BackEnd.TargetBuilder.<ProcessTargetStack>d__23.MoveNext()
--- End of stack trace from previous location where exception was thrown ---
   at System.Runtime.CompilerServices.TaskAwaiter.ThrowForNonSuccess(Task task)
   at System.Runtime.CompilerServices.TaskAwaiter.HandleNonSuccessAndDebuggerNotification(Task task)
   at System.Runtime.CompilerServices.TaskAwaiter.ValidateEnd(Task task)
   at Microsoft.Build.BackEnd.TargetBuilder.<BuildTargets>d__10.MoveNext()
--- End of stack trace from previous location where exception was thrown ---
   at System.Runtime.CompilerServices.TaskAwaiter.ThrowForNonSuccess(Task task)
   at System.Runtime.CompilerServices.TaskAwaiter.HandleNonSuccessAndDebuggerNotification(Task task)
   at System.Runtime.CompilerServices.TaskAwaiter.ValidateEnd(Task task)
   at Microsoft.Build.BackEnd.RequestBuilder.<BuildProject>d__67.MoveNext()
--- End of stack trace from previous location where exception was thrown ---
   at System.Runtime.CompilerServices.TaskAwaiter.ThrowForNonSuccess(Task task)
   at System.Runtime.CompilerServices.TaskAwaiter.HandleNonSuccessAndDebuggerNotification(Task task)
   at Microsoft.Build.BackEnd.RequestBuilder.<BuildAndReport>d__58.MoveNext()
19:37:07.457 |I| Build                          | :3                             | Finish build part [1/1] for project 'Assembly-CSharp.csproj': Failure
	The target "CoreCompile" does not exist in the project.  C:\Program Files (x86)\Microsoft Visual Studio\2019\Community\MSBuild\Current\Bin\Microsoft.Common.CurrentVersion.targets
19:37:07.457 |I| Build                          | :3                             | Finish build project 'Assembly-CSharp.csproj': Failure
19:37:07.474 |I| Build                          | :16                            | Build FAILED.
19:37:07.475 |I| ProjectModel                   | RequestBuilder thread:7        | Reloading has finished, statistic: 
	Total: 0.07 sec
	Binding: 0.00 sec
	Evaluation: 0.01 sec
19:37:11.483 |I| ProjectModel                   | RequestBuilder thread:7        | Reloading 1 project(s) in 1 node(s)...
19:37:11.483 |I| ProjectModel                   | RequestBuilder thread:7        | Reason: Sync
19:37:11.483 |I| Build                          | :16                            | Build started.
19:37:11.484 |I| BuildQueue                     | RequestBuilder thread:7        | Build queue: False
19:37:11.486 |I| ProjectModel                   | RequestBuilder thread:7        | Project 'Assembly-CSharp.csproj' has missing imports, load project without them
19:37:11.498 |I| ProjectModel                   | RequestBuilder thread:7        | Project 'Assembly-CSharp.csproj' has load-time sensitive targets: XamlMarkupCompilePass1
19:37:11.498 |I| BuildQueue                     | RequestBuilder thread:7        | Build immediately: Assembly-CSharp.csproj
19:37:11.498 |I| Build                          | RequestBuilder thread:7        | Start build 'Assembly-CSharp.csproj' with 1 target frameworks
19:37:11.499 |I| Build                          | RequestBuilder thread:7        | Targets for build: _CheckForInvalidConfigurationAndPlatform;CollectCentralPackageVersions;ResolveReferences;ResolveProjectReferences;ResolveAssemblyReferences;ResolveComReferences;ResolveNativeReferences;ResolveSdkReferences;ResolveFrameworkReferences;DesignTimeMarkupCompilation;Compile;XamlMarkupCompilePass1
19:37:11.544 |E| Build                          | :3                             | Microsoft.Build.Exceptions.InvalidProjectFileException: The target "CoreCompile" does not exist in the project.  C:\Program Files (x86)\Microsoft Visual Studio\2019\Community\MSBuild\Current\Bin\Microsoft.Common.CurrentVersion.targets
   at Microsoft.Build.Shared.ProjectErrorUtilities.ThrowInvalidProject(String errorSubCategoryResourceName, IElementLocation elementLocation, String resourceName, Object[] args)
   at Microsoft.Build.BackEnd.TargetBuilder.<ProcessTargetStack>d__23.MoveNext()
--- End of stack trace from previous location where exception was thrown ---
   at System.Runtime.CompilerServices.TaskAwaiter.ThrowForNonSuccess(Task task)
   at System.Runtime.CompilerServices.TaskAwaiter.HandleNonSuccessAndDebuggerNotification(Task task)
   at System.Runtime.CompilerServices.TaskAwaiter.ValidateEnd(Task task)
   at Microsoft.Build.BackEnd.TargetBuilder.<BuildTargets>d__10.MoveNext()
--- End of stack trace from previous location where exception was thrown ---
   at System.Runtime.CompilerServices.TaskAwaiter.ThrowForNonSuccess(Task task)
   at System.Runtime.CompilerServices.TaskAwaiter.HandleNonSuccessAndDebuggerNotification(Task task)
   at System.Runtime.CompilerServices.TaskAwaiter.ValidateEnd(Task task)
   at Microsoft.Build.BackEnd.RequestBuilder.<BuildProject>d__67.MoveNext()
--- End of stack trace from previous location where exception was thrown ---
   at System.Runtime.CompilerServices.TaskAwaiter.ThrowForNonSuccess(Task task)
   at System.Runtime.CompilerServices.TaskAwaiter.HandleNonSuccessAndDebuggerNotification(Task task)
   at Microsoft.Build.BackEnd.RequestBuilder.<BuildAndReport>d__58.MoveNext()
19:37:11.544 |I| Build                          | :3                             | Finish build part [1/1] for project 'Assembly-CSharp.csproj': Failure
	The target "CoreCompile" does not exist in the project.  C:\Program Files (x86)\Microsoft Visual Studio\2019\Community\MSBuild\Current\Bin\Microsoft.Common.CurrentVersion.targets
19:37:11.544 |I| Build                          | :3                             | Finish build project 'Assembly-CSharp.csproj': Failure
19:37:11.568 |I| Build                          | :6                             | Build FAILED.
19:37:11.568 |I| ProjectModel                   | RequestBuilder thread:7        | Reloading has finished, statistic: 
	Total: 0.09 sec
	Binding: 0.00 sec
	Evaluation: 0.01 sec
02:22:50.380 |I| Core                           | RequestBuilder thread:7        | Msbuild session 'ProjectModelSessionHost' was terminated
02:22:50.380 |I| Core                           | RequestBuilder thread:7        | Connection lost, kill msbuild
