18:43:24.463 |I| Core                           | RequestBuilder thread:7        | MsBuild process with Id = 3556
18:43:24.463 |I| Core                           | RequestBuilder thread:7        | MsBuild location = C:\Program Files (x86)\Microsoft Visual Studio\2019\Community\MSBuild\Current\Bin\MSBuild.exe
18:43:24.464 |I| Core                           | RequestBuilder thread:7        | ServerGC = False
18:43:24.464 |I| Core                           | RequestBuilder thread:7        | 
18:43:24.464 |I| Core                           | RequestBuilder thread:7        | Start ControllerTask...
18:43:24.465 |I| Core                           | RequestBuilder thread:7        | Detected version: 16.11
18:43:24.465 |I| Core                           | RequestBuilder thread:7        | Creating SocketWire with port = 64240
18:43:24.477 |I| Core                           | RequestBuilder thread:7        | Create protocol...
18:43:24.503 |I| Core                           | RequestBuilder thread:7        | Create MsBuildModel and advise for new sessions...
18:43:24.521 |I| Core                           | RequestBuilder thread:7        | Subscribe for changes...
18:43:24.522 |I| Core                           | RequestBuilder thread:7        | Setup process watchdog...
18:43:24.523 |I| Core                           | RequestBuilder thread:7        | Run dispatcher...
18:43:24.524 |I| ProcessWatchdog                | WatchParentPid:4336:11         | Monitoring parent process PID:4336
18:43:24.567 |I| Core                           | RequestBuilder thread:7        | Get protocol session 'RdProjectModelSession'
18:43:24.571 |I| Core                           | RequestBuilder thread:7        | Msbuild session 'ProjectModelSessionHost' created
18:43:24.624 |I| ProjectModel                   | RequestBuilder thread:7        | Reloading 7 project(s) in 1 node(s)...
18:43:24.624 |I| ProjectModel                   | RequestBuilder thread:7        | Reason: ColdStartup
18:43:24.628 |I| Build                          | :6                             | Build started.
18:43:24.631 |I| BuildQueue                     | RequestBuilder thread:7        | Build queue: False
18:43:24.655 |I| ProjectModel                   | :13                            | Project 'Assembly-CSharp-Editor.csproj' has missing imports, load project without them
18:43:24.655 |I| ProjectModel                   | RequestBuilder thread:7        | Project 'Assembly-CSharp.csproj' has missing imports, load project without them
18:43:24.656 |I| ProjectModel                   | :14                            | Project 'Assembly-CSharp-Editor-firstpass.csproj' has missing imports, load project without them
18:43:24.656 |I| ProjectModel                   | :4                             | Project 'JetBrains.Frontend.2022.2.csproj' has missing imports, load project without them
18:43:24.713 |I| ProjectModel                   | :14                            | Project 'JetBrains.Frontend.2019.4.csproj' has missing imports, load project without them
18:43:24.714 |I| ProjectModel                   | :13                            | Project 'JetBrains.Frontend.2020.2.csproj' has missing imports, load project without them
18:43:24.715 |I| ProjectModel                   | :4                             | Project 'JetBrains.Frontend.2021.2.csproj' has missing imports, load project without them
18:43:24.747 |I| ProjectModel                   | RequestBuilder thread:7        | Project 'Assembly-CSharp-Editor-firstpass.csproj' has load-time sensitive targets: XamlMarkupCompilePass1
18:43:24.749 |I| BuildQueue                     | RequestBuilder thread:7        | Build immediately: Assembly-CSharp-Editor-firstpass.csproj
18:43:24.750 |I| Build                          | RequestBuilder thread:7        | Start build 'Assembly-CSharp-Editor-firstpass.csproj' with 1 target frameworks
18:43:24.752 |I| Build                          | RequestBuilder thread:7        | Targets for build: _CheckForInvalidConfigurationAndPlatform;CollectCentralPackageVersions;ResolveReferences;ResolveProjectReferences;ResolveAssemblyReferences;ResolveComReferences;ResolveNativeReferences;ResolveSdkReferences;ResolveFrameworkReferences;DesignTimeMarkupCompilation;Compile;XamlMarkupCompilePass1
18:43:24.754 |I| ProjectModel                   | RequestBuilder thread:7        | Project 'JetBrains.Frontend.2022.2.csproj' has load-time sensitive targets: XamlMarkupCompilePass1
18:43:24.754 |I| BuildQueue                     | RequestBuilder thread:7        | Build immediately: JetBrains.Frontend.2022.2.csproj
18:43:24.754 |I| Build                          | RequestBuilder thread:7        | Start build 'JetBrains.Frontend.2022.2.csproj' with 1 target frameworks
18:43:24.755 |I| Build                          | RequestBuilder thread:7        | Targets for build: _CheckForInvalidConfigurationAndPlatform;CollectCentralPackageVersions;ResolveReferences;ResolveProjectReferences;ResolveAssemblyReferences;ResolveComReferences;ResolveNativeReferences;ResolveSdkReferences;ResolveFrameworkReferences;DesignTimeMarkupCompilation;Compile;XamlMarkupCompilePass1
18:43:24.755 |I| ProjectModel                   | RequestBuilder thread:7        | Project 'Assembly-CSharp-Editor.csproj' has load-time sensitive targets: XamlMarkupCompilePass1
18:43:24.755 |I| BuildQueue                     | RequestBuilder thread:7        | Build immediately: Assembly-CSharp-Editor.csproj
18:43:24.755 |I| Build                          | RequestBuilder thread:7        | Start build 'Assembly-CSharp-Editor.csproj' with 1 target frameworks
18:43:24.755 |I| Build                          | RequestBuilder thread:7        | Targets for build: _CheckForInvalidConfigurationAndPlatform;CollectCentralPackageVersions;ResolveReferences;ResolveProjectReferences;ResolveAssemblyReferences;ResolveComReferences;ResolveNativeReferences;ResolveSdkReferences;ResolveFrameworkReferences;DesignTimeMarkupCompilation;Compile;XamlMarkupCompilePass1
18:43:24.756 |I| ProjectModel                   | RequestBuilder thread:7        | Project 'Assembly-CSharp.csproj' has load-time sensitive targets: XamlMarkupCompilePass1
18:43:24.756 |I| BuildQueue                     | RequestBuilder thread:7        | Build immediately: Assembly-CSharp.csproj
18:43:24.756 |I| Build                          | RequestBuilder thread:7        | Start build 'Assembly-CSharp.csproj' with 1 target frameworks
18:43:24.756 |I| Build                          | RequestBuilder thread:7        | Targets for build: _CheckForInvalidConfigurationAndPlatform;CollectCentralPackageVersions;ResolveReferences;ResolveProjectReferences;ResolveAssemblyReferences;ResolveComReferences;ResolveNativeReferences;ResolveSdkReferences;ResolveFrameworkReferences;DesignTimeMarkupCompilation;Compile;XamlMarkupCompilePass1
18:43:24.756 |I| ProjectModel                   | RequestBuilder thread:7        | Project 'JetBrains.Frontend.2020.2.csproj' has load-time sensitive targets: XamlMarkupCompilePass1
18:43:24.756 |I| BuildQueue                     | RequestBuilder thread:7        | Build immediately: JetBrains.Frontend.2020.2.csproj
18:43:24.756 |I| Build                          | RequestBuilder thread:7        | Start build 'JetBrains.Frontend.2020.2.csproj' with 1 target frameworks
18:43:24.757 |I| Build                          | RequestBuilder thread:7        | Targets for build: _CheckForInvalidConfigurationAndPlatform;CollectCentralPackageVersions;ResolveReferences;ResolveProjectReferences;ResolveAssemblyReferences;ResolveComReferences;ResolveNativeReferences;ResolveSdkReferences;ResolveFrameworkReferences;DesignTimeMarkupCompilation;Compile;XamlMarkupCompilePass1
18:43:24.757 |I| ProjectModel                   | RequestBuilder thread:7        | Project 'JetBrains.Frontend.2019.4.csproj' has load-time sensitive targets: XamlMarkupCompilePass1
18:43:24.757 |I| BuildQueue                     | RequestBuilder thread:7        | Build immediately: JetBrains.Frontend.2019.4.csproj
18:43:24.757 |I| Build                          | RequestBuilder thread:7        | Start build 'JetBrains.Frontend.2019.4.csproj' with 1 target frameworks
18:43:24.757 |I| Build                          | RequestBuilder thread:7        | Targets for build: _CheckForInvalidConfigurationAndPlatform;CollectCentralPackageVersions;ResolveReferences;ResolveProjectReferences;ResolveAssemblyReferences;ResolveComReferences;ResolveNativeReferences;ResolveSdkReferences;ResolveFrameworkReferences;DesignTimeMarkupCompilation;Compile;XamlMarkupCompilePass1
18:43:24.757 |I| ProjectModel                   | RequestBuilder thread:7        | Project 'JetBrains.Frontend.2021.2.csproj' has load-time sensitive targets: XamlMarkupCompilePass1
18:43:24.757 |I| BuildQueue                     | RequestBuilder thread:7        | Build immediately: JetBrains.Frontend.2021.2.csproj
18:43:24.757 |I| Build                          | RequestBuilder thread:7        | Start build 'JetBrains.Frontend.2021.2.csproj' with 1 target frameworks
18:43:24.758 |I| Build                          | RequestBuilder thread:7        | Targets for build: _CheckForInvalidConfigurationAndPlatform;CollectCentralPackageVersions;ResolveReferences;ResolveProjectReferences;ResolveAssemblyReferences;ResolveComReferences;ResolveNativeReferences;ResolveSdkReferences;ResolveFrameworkReferences;DesignTimeMarkupCompilation;Compile;XamlMarkupCompilePass1
18:43:24.806 |E| Build                          | :15                            | Microsoft.Build.Exceptions.InvalidProjectFileException: The target "CoreCompile" does not exist in the project.  C:\Program Files (x86)\Microsoft Visual Studio\2019\Community\MSBuild\Current\Bin\Microsoft.Common.CurrentVersion.targets
   at Microsoft.Build.Shared.ProjectErrorUtilities.ThrowInvalidProject(String errorSubCategoryResourceName, IElementLocation elementLocation, String resourceName, Object[] args)
   at Microsoft.Build.BackEnd.TargetBuilder.<ProcessTargetStack>d__23.MoveNext()
--- End of stack trace from previous location where exception was thrown ---
   at System.Runtime.CompilerServices.TaskAwaiter.ThrowForNonSuccess(Task task)
   at System.Runtime.CompilerServices.TaskAwaiter.HandleNonSuccessAndDebuggerNotification(Task task)
   at System.Runtime.CompilerServices.TaskAwaiter.ValidateEnd(Task task)
   at Microsoft.Build.BackEnd.TargetBuilder.<BuildTargets>d__10.MoveNext()
--- End of stack trace from previous location where exception was thrown ---
   at System.Runtime.CompilerServices.TaskAwaiter.ThrowForNonSuccess(Task task)
   at System.Runtime.CompilerServices.TaskAwaiter.HandleNonSuccessAndDebuggerNotification(Task task)
   at System.Runtime.CompilerServices.TaskAwaiter.ValidateEnd(Task task)
   at Microsoft.Build.BackEnd.RequestBuilder.<BuildProject>d__67.MoveNext()
--- End of stack trace from previous location where exception was thrown ---
   at System.Runtime.CompilerServices.TaskAwaiter.ThrowForNonSuccess(Task task)
   at System.Runtime.CompilerServices.TaskAwaiter.HandleNonSuccessAndDebuggerNotification(Task task)
   at Microsoft.Build.BackEnd.RequestBuilder.<BuildAndReport>d__58.MoveNext()
18:43:24.810 |E| Build                          | :14                            | Microsoft.Build.Exceptions.InvalidProjectFileException: The target "CoreCompile" does not exist in the project.  C:\Program Files (x86)\Microsoft Visual Studio\2019\Community\MSBuild\Current\Bin\Microsoft.Common.CurrentVersion.targets
   at Microsoft.Build.Shared.ProjectErrorUtilities.ThrowInvalidProject(String errorSubCategoryResourceName, IElementLocation elementLocation, String resourceName, Object[] args)
   at Microsoft.Build.BackEnd.TargetBuilder.<ProcessTargetStack>d__23.MoveNext()
--- End of stack trace from previous location where exception was thrown ---
   at System.Runtime.CompilerServices.TaskAwaiter.ThrowForNonSuccess(Task task)
   at System.Runtime.CompilerServices.TaskAwaiter.HandleNonSuccessAndDebuggerNotification(Task task)
   at System.Runtime.CompilerServices.TaskAwaiter.ValidateEnd(Task task)
   at Microsoft.Build.BackEnd.TargetBuilder.<BuildTargets>d__10.MoveNext()
--- End of stack trace from previous location where exception was thrown ---
   at System.Runtime.CompilerServices.TaskAwaiter.ThrowForNonSuccess(Task task)
   at System.Runtime.CompilerServices.TaskAwaiter.HandleNonSuccessAndDebuggerNotification(Task task)
   at System.Runtime.CompilerServices.TaskAwaiter.ValidateEnd(Task task)
   at Microsoft.Build.BackEnd.RequestBuilder.<BuildProject>d__67.MoveNext()
--- End of stack trace from previous location where exception was thrown ---
   at System.Runtime.CompilerServices.TaskAwaiter.ThrowForNonSuccess(Task task)
   at System.Runtime.CompilerServices.TaskAwaiter.HandleNonSuccessAndDebuggerNotification(Task task)
   at Microsoft.Build.BackEnd.RequestBuilder.<BuildAndReport>d__58.MoveNext()
18:43:24.815 |I| Build                          | :15                            | Finish build part [1/1] for project 'Assembly-CSharp-Editor-firstpass.csproj': Failure
	The target "CoreCompile" does not exist in the project.  C:\Program Files (x86)\Microsoft Visual Studio\2019\Community\MSBuild\Current\Bin\Microsoft.Common.CurrentVersion.targets
18:43:24.815 |I| Build                          | :15                            | Finish build project 'Assembly-CSharp-Editor-firstpass.csproj': Failure
18:43:24.816 |I| Build                          | :14                            | Finish build part [1/1] for project 'JetBrains.Frontend.2021.2.csproj': Failure
	The target "CoreCompile" does not exist in the project.  C:\Program Files (x86)\Microsoft Visual Studio\2019\Community\MSBuild\Current\Bin\Microsoft.Common.CurrentVersion.targets
18:43:24.816 |I| Build                          | :14                            | Finish build project 'JetBrains.Frontend.2021.2.csproj': Failure
18:43:24.818 |E| Build                          | :20                            | Microsoft.Build.Exceptions.InvalidProjectFileException: The target "CoreCompile" does not exist in the project.  C:\Program Files (x86)\Microsoft Visual Studio\2019\Community\MSBuild\Current\Bin\Microsoft.Common.CurrentVersion.targets
   at Microsoft.Build.Shared.ProjectErrorUtilities.ThrowInvalidProject(String errorSubCategoryResourceName, IElementLocation elementLocation, String resourceName, Object[] args)
   at Microsoft.Build.BackEnd.TargetBuilder.<ProcessTargetStack>d__23.MoveNext()
--- End of stack trace from previous location where exception was thrown ---
   at System.Runtime.CompilerServices.TaskAwaiter.ThrowForNonSuccess(Task task)
   at System.Runtime.CompilerServices.TaskAwaiter.HandleNonSuccessAndDebuggerNotification(Task task)
   at System.Runtime.CompilerServices.TaskAwaiter.ValidateEnd(Task task)
   at Microsoft.Build.BackEnd.TargetBuilder.<BuildTargets>d__10.MoveNext()
--- End of stack trace from previous location where exception was thrown ---
   at System.Runtime.CompilerServices.TaskAwaiter.ThrowForNonSuccess(Task task)
   at System.Runtime.CompilerServices.TaskAwaiter.HandleNonSuccessAndDebuggerNotification(Task task)
   at System.Runtime.CompilerServices.TaskAwaiter.ValidateEnd(Task task)
   at Microsoft.Build.BackEnd.RequestBuilder.<BuildProject>d__67.MoveNext()
--- End of stack trace from previous location where exception was thrown ---
   at System.Runtime.CompilerServices.TaskAwaiter.ThrowForNonSuccess(Task task)
   at System.Runtime.CompilerServices.TaskAwaiter.HandleNonSuccessAndDebuggerNotification(Task task)
   at Microsoft.Build.BackEnd.RequestBuilder.<BuildAndReport>d__58.MoveNext()
18:43:24.818 |I| Build                          | :20                            | Finish build part [1/1] for project 'JetBrains.Frontend.2019.4.csproj': Failure
	The target "CoreCompile" does not exist in the project.  C:\Program Files (x86)\Microsoft Visual Studio\2019\Community\MSBuild\Current\Bin\Microsoft.Common.CurrentVersion.targets
18:43:24.818 |I| Build                          | :20                            | Finish build project 'JetBrains.Frontend.2019.4.csproj': Failure
18:43:24.822 |E| Build                          | :21                            | Microsoft.Build.Exceptions.InvalidProjectFileException: The target "CoreCompile" does not exist in the project.  C:\Program Files (x86)\Microsoft Visual Studio\2019\Community\MSBuild\Current\Bin\Microsoft.Common.CurrentVersion.targets
   at Microsoft.Build.Shared.ProjectErrorUtilities.ThrowInvalidProject(String errorSubCategoryResourceName, IElementLocation elementLocation, String resourceName, Object[] args)
   at Microsoft.Build.BackEnd.TargetBuilder.<ProcessTargetStack>d__23.MoveNext()
--- End of stack trace from previous location where exception was thrown ---
   at System.Runtime.CompilerServices.TaskAwaiter.ThrowForNonSuccess(Task task)
   at System.Runtime.CompilerServices.TaskAwaiter.HandleNonSuccessAndDebuggerNotification(Task task)
   at System.Runtime.CompilerServices.TaskAwaiter.ValidateEnd(Task task)
   at Microsoft.Build.BackEnd.TargetBuilder.<BuildTargets>d__10.MoveNext()
--- End of stack trace from previous location where exception was thrown ---
   at System.Runtime.CompilerServices.TaskAwaiter.ThrowForNonSuccess(Task task)
   at System.Runtime.CompilerServices.TaskAwaiter.HandleNonSuccessAndDebuggerNotification(Task task)
   at System.Runtime.CompilerServices.TaskAwaiter.ValidateEnd(Task task)
   at Microsoft.Build.BackEnd.RequestBuilder.<BuildProject>d__67.MoveNext()
--- End of stack trace from previous location where exception was thrown ---
   at System.Runtime.CompilerServices.TaskAwaiter.ThrowForNonSuccess(Task task)
   at System.Runtime.CompilerServices.TaskAwaiter.HandleNonSuccessAndDebuggerNotification(Task task)
   at Microsoft.Build.BackEnd.RequestBuilder.<BuildAndReport>d__58.MoveNext()
18:43:24.822 |I| Build                          | :21                            | Finish build part [1/1] for project 'JetBrains.Frontend.2020.2.csproj': Failure
	The target "CoreCompile" does not exist in the project.  C:\Program Files (x86)\Microsoft Visual Studio\2019\Community\MSBuild\Current\Bin\Microsoft.Common.CurrentVersion.targets
18:43:24.822 |I| Build                          | :21                            | Finish build project 'JetBrains.Frontend.2020.2.csproj': Failure
18:43:24.950 |E| Build                          | :15                            | Microsoft.Build.Exceptions.InvalidProjectFileException: The target "CoreCompile" does not exist in the project.  C:\Program Files (x86)\Microsoft Visual Studio\2019\Community\MSBuild\Current\Bin\Microsoft.Common.CurrentVersion.targets
   at Microsoft.Build.Shared.ProjectErrorUtilities.ThrowInvalidProject(String errorSubCategoryResourceName, IElementLocation elementLocation, String resourceName, Object[] args)
   at Microsoft.Build.BackEnd.TargetBuilder.<ProcessTargetStack>d__23.MoveNext()
--- End of stack trace from previous location where exception was thrown ---
   at System.Runtime.CompilerServices.TaskAwaiter.ThrowForNonSuccess(Task task)
   at System.Runtime.CompilerServices.TaskAwaiter.HandleNonSuccessAndDebuggerNotification(Task task)
   at System.Runtime.CompilerServices.TaskAwaiter.ValidateEnd(Task task)
   at Microsoft.Build.BackEnd.TargetBuilder.<BuildTargets>d__10.MoveNext()
--- End of stack trace from previous location where exception was thrown ---
   at System.Runtime.CompilerServices.TaskAwaiter.ThrowForNonSuccess(Task task)
   at System.Runtime.CompilerServices.TaskAwaiter.HandleNonSuccessAndDebuggerNotification(Task task)
   at System.Runtime.CompilerServices.TaskAwaiter.ValidateEnd(Task task)
   at Microsoft.Build.BackEnd.RequestBuilder.<BuildProject>d__67.MoveNext()
--- End of stack trace from previous location where exception was thrown ---
   at System.Runtime.CompilerServices.TaskAwaiter.ThrowForNonSuccess(Task task)
   at System.Runtime.CompilerServices.TaskAwaiter.HandleNonSuccessAndDebuggerNotification(Task task)
   at Microsoft.Build.BackEnd.RequestBuilder.<BuildAndReport>d__58.MoveNext()
18:43:24.950 |I| Build                          | :15                            | Finish build part [1/1] for project 'Assembly-CSharp.csproj': Failure
	The target "CoreCompile" does not exist in the project.  C:\Program Files (x86)\Microsoft Visual Studio\2019\Community\MSBuild\Current\Bin\Microsoft.Common.CurrentVersion.targets
18:43:24.950 |I| Build                          | :15                            | Finish build project 'Assembly-CSharp.csproj': Failure
18:43:25.070 |E| Build                          | :14                            | Microsoft.Build.Exceptions.InvalidProjectFileException: The target "CoreCompile" does not exist in the project.  C:\Program Files (x86)\Microsoft Visual Studio\2019\Community\MSBuild\Current\Bin\Microsoft.Common.CurrentVersion.targets
   at Microsoft.Build.Shared.ProjectErrorUtilities.ThrowInvalidProject(String errorSubCategoryResourceName, IElementLocation elementLocation, String resourceName, Object[] args)
   at Microsoft.Build.BackEnd.TargetBuilder.<ProcessTargetStack>d__23.MoveNext()
--- End of stack trace from previous location where exception was thrown ---
   at System.Runtime.CompilerServices.TaskAwaiter.ThrowForNonSuccess(Task task)
   at System.Runtime.CompilerServices.TaskAwaiter.HandleNonSuccessAndDebuggerNotification(Task task)
   at System.Runtime.CompilerServices.TaskAwaiter.ValidateEnd(Task task)
   at Microsoft.Build.BackEnd.TargetBuilder.<BuildTargets>d__10.MoveNext()
--- End of stack trace from previous location where exception was thrown ---
   at System.Runtime.CompilerServices.TaskAwaiter.ThrowForNonSuccess(Task task)
   at System.Runtime.CompilerServices.TaskAwaiter.HandleNonSuccessAndDebuggerNotification(Task task)
   at System.Runtime.CompilerServices.TaskAwaiter.ValidateEnd(Task task)
   at Microsoft.Build.BackEnd.RequestBuilder.<BuildProject>d__67.MoveNext()
--- End of stack trace from previous location where exception was thrown ---
   at System.Runtime.CompilerServices.TaskAwaiter.ThrowForNonSuccess(Task task)
   at System.Runtime.CompilerServices.TaskAwaiter.HandleNonSuccessAndDebuggerNotification(Task task)
   at Microsoft.Build.BackEnd.RequestBuilder.<BuildAndReport>d__58.MoveNext()
18:43:25.070 |I| Build                          | :14                            | Finish build part [1/1] for project 'Assembly-CSharp-Editor.csproj': Failure
	The target "CoreCompile" does not exist in the project.  C:\Program Files (x86)\Microsoft Visual Studio\2019\Community\MSBuild\Current\Bin\Microsoft.Common.CurrentVersion.targets
18:43:25.070 |I| Build                          | :14                            | Finish build project 'Assembly-CSharp-Editor.csproj': Failure
18:43:25.117 |E| Build                          | :14                            | Microsoft.Build.Exceptions.InvalidProjectFileException: The target "CoreCompile" does not exist in the project.  C:\Program Files (x86)\Microsoft Visual Studio\2019\Community\MSBuild\Current\Bin\Microsoft.Common.CurrentVersion.targets
   at Microsoft.Build.Shared.ProjectErrorUtilities.ThrowInvalidProject(String errorSubCategoryResourceName, IElementLocation elementLocation, String resourceName, Object[] args)
   at Microsoft.Build.BackEnd.TargetBuilder.<ProcessTargetStack>d__23.MoveNext()
--- End of stack trace from previous location where exception was thrown ---
   at System.Runtime.CompilerServices.TaskAwaiter.ThrowForNonSuccess(Task task)
   at System.Runtime.CompilerServices.TaskAwaiter.HandleNonSuccessAndDebuggerNotification(Task task)
   at System.Runtime.CompilerServices.TaskAwaiter.ValidateEnd(Task task)
   at Microsoft.Build.BackEnd.TargetBuilder.<BuildTargets>d__10.MoveNext()
--- End of stack trace from previous location where exception was thrown ---
   at System.Runtime.CompilerServices.TaskAwaiter.ThrowForNonSuccess(Task task)
   at System.Runtime.CompilerServices.TaskAwaiter.HandleNonSuccessAndDebuggerNotification(Task task)
   at System.Runtime.CompilerServices.TaskAwaiter.ValidateEnd(Task task)
   at Microsoft.Build.BackEnd.RequestBuilder.<BuildProject>d__67.MoveNext()
--- End of stack trace from previous location where exception was thrown ---
   at System.Runtime.CompilerServices.TaskAwaiter.ThrowForNonSuccess(Task task)
   at System.Runtime.CompilerServices.TaskAwaiter.HandleNonSuccessAndDebuggerNotification(Task task)
   at Microsoft.Build.BackEnd.RequestBuilder.<BuildAndReport>d__58.MoveNext()
18:43:25.117 |I| Build                          | :14                            | Finish build part [1/1] for project 'JetBrains.Frontend.2022.2.csproj': Failure
	The target "CoreCompile" does not exist in the project.  C:\Program Files (x86)\Microsoft Visual Studio\2019\Community\MSBuild\Current\Bin\Microsoft.Common.CurrentVersion.targets
18:43:25.117 |I| Build                          | :14                            | Finish build project 'JetBrains.Frontend.2022.2.csproj': Failure
18:43:25.349 |I| Build                          | :14                            | Build FAILED.
18:43:25.350 |I| ProjectModel                   | RequestBuilder thread:7        | Reloading has finished, statistic: 
	Total: 0.72 sec
	Binding: 0.12 sec
	Evaluation: 0.29 sec
19:01:32.416 |I| ProjectModel                   | RequestBuilder thread:7        | Reloading 1 project(s) in 1 node(s)...
19:01:32.416 |I| ProjectModel                   | RequestBuilder thread:7        | Reason: Sync
19:01:32.416 |I| Build                          | :4                             | Build started.
19:01:32.416 |I| BuildQueue                     | RequestBuilder thread:7        | Build queue: False
19:01:32.422 |I| ProjectModel                   | RequestBuilder thread:7        | Project 'Assembly-CSharp.csproj' has missing imports, load project without them
19:01:32.434 |I| ProjectModel                   | RequestBuilder thread:7        | Project 'Assembly-CSharp.csproj' has load-time sensitive targets: XamlMarkupCompilePass1
19:01:32.434 |I| BuildQueue                     | RequestBuilder thread:7        | Build immediately: Assembly-CSharp.csproj
19:01:32.434 |I| Build                          | RequestBuilder thread:7        | Start build 'Assembly-CSharp.csproj' with 1 target frameworks
19:01:32.434 |I| Build                          | RequestBuilder thread:7        | Targets for build: _CheckForInvalidConfigurationAndPlatform;CollectCentralPackageVersions;ResolveReferences;ResolveProjectReferences;ResolveAssemblyReferences;ResolveComReferences;ResolveNativeReferences;ResolveSdkReferences;ResolveFrameworkReferences;DesignTimeMarkupCompilation;Compile;XamlMarkupCompilePass1
19:01:32.478 |E| Build                          | :22                            | Microsoft.Build.Exceptions.InvalidProjectFileException: The target "CoreCompile" does not exist in the project.  C:\Program Files (x86)\Microsoft Visual Studio\2019\Community\MSBuild\Current\Bin\Microsoft.Common.CurrentVersion.targets
   at Microsoft.Build.Shared.ProjectErrorUtilities.ThrowInvalidProject(String errorSubCategoryResourceName, IElementLocation elementLocation, String resourceName, Object[] args)
   at Microsoft.Build.BackEnd.TargetBuilder.<ProcessTargetStack>d__23.MoveNext()
--- End of stack trace from previous location where exception was thrown ---
   at System.Runtime.CompilerServices.TaskAwaiter.ThrowForNonSuccess(Task task)
   at System.Runtime.CompilerServices.TaskAwaiter.HandleNonSuccessAndDebuggerNotification(Task task)
   at System.Runtime.CompilerServices.TaskAwaiter.ValidateEnd(Task task)
   at Microsoft.Build.BackEnd.TargetBuilder.<BuildTargets>d__10.MoveNext()
--- End of stack trace from previous location where exception was thrown ---
   at System.Runtime.CompilerServices.TaskAwaiter.ThrowForNonSuccess(Task task)
   at System.Runtime.CompilerServices.TaskAwaiter.HandleNonSuccessAndDebuggerNotification(Task task)
   at System.Runtime.CompilerServices.TaskAwaiter.ValidateEnd(Task task)
   at Microsoft.Build.BackEnd.RequestBuilder.<BuildProject>d__67.MoveNext()
--- End of stack trace from previous location where exception was thrown ---
   at System.Runtime.CompilerServices.TaskAwaiter.ThrowForNonSuccess(Task task)
   at System.Runtime.CompilerServices.TaskAwaiter.HandleNonSuccessAndDebuggerNotification(Task task)
   at Microsoft.Build.BackEnd.RequestBuilder.<BuildAndReport>d__58.MoveNext()
19:01:32.478 |I| Build                          | :22                            | Finish build part [1/1] for project 'Assembly-CSharp.csproj': Failure
	The target "CoreCompile" does not exist in the project.  C:\Program Files (x86)\Microsoft Visual Studio\2019\Community\MSBuild\Current\Bin\Microsoft.Common.CurrentVersion.targets
19:01:32.478 |I| Build                          | :22                            | Finish build project 'Assembly-CSharp.csproj': Failure
19:01:32.496 |I| Build                          | :6                             | Build FAILED.
19:01:32.497 |I| ProjectModel                   | RequestBuilder thread:7        | Reloading has finished, statistic: 
	Total: 0.08 sec
	Binding: 0.00 sec
	Evaluation: 0.01 sec
19:09:16.582 |I| Core                           | RequestBuilder thread:7        | Msbuild session 'ProjectModelSessionHost' was terminated
19:09:16.582 |I| Core                           | RequestBuilder thread:7        | Connection lost, kill msbuild
